  Camera.cpp
  Functions.cpp
  getbmp.cpp
  TerrainGenerator.cpp
C:\Users\SAVENCOV\Documents\GitHub\322ComPart2\TerrainShaderized\TerrainGenerator.cpp(67,40): warning C4091:  'static ': ignored on left of 'buffer' when no variable is declared
C:\Users\SAVENCOV\Documents\GitHub\322ComPart2\TerrainShaderized\TerrainGenerator.cpp(68,31): warning C4091:  'static ': ignored on left of 'object' when no variable is declared
C:\Users\SAVENCOV\Documents\GitHub\322ComPart2\TerrainShaderized\TerrainGenerator.cpp(137,27): warning C4244:  '=': conversion from 'double' to 'float', possible loss of data
C:\Users\SAVENCOV\Documents\GitHub\322ComPart2\TerrainShaderized\TerrainGenerator.cpp(138,27): warning C4244:  '=': conversion from 'double' to 'float', possible loss of data
C:\Users\SAVENCOV\Documents\GitHub\322ComPart2\TerrainShaderized\TerrainGenerator.cpp(139,27): warning C4244:  '=': conversion from 'double' to 'float', possible loss of data
C:\Users\SAVENCOV\Documents\GitHub\322ComPart2\TerrainShaderized\TerrainGenerator.cpp(140,27): warning C4244:  '=': conversion from 'double' to 'float', possible loss of data
C:\Users\SAVENCOV\Documents\GitHub\322ComPart2\TerrainShaderized\TerrainGenerator.cpp(153,21): warning C4244:  '=': conversion from 'double' to 'float', possible loss of data
C:\Users\SAVENCOV\Documents\GitHub\322ComPart2\TerrainShaderized\TerrainGenerator.cpp(154,32): warning C4244:  '=': conversion from 'double' to 'float', possible loss of data
C:\Users\SAVENCOV\Documents\GitHub\322ComPart2\TerrainShaderized\TerrainGenerator.cpp(155,43): warning C4244:  '=': conversion from 'double' to 'float', possible loss of data
C:\Users\SAVENCOV\Documents\GitHub\322ComPart2\TerrainShaderized\TerrainGenerator.cpp(156,32): warning C4244:  '=': conversion from 'double' to 'float', possible loss of data
C:\Users\SAVENCOV\Documents\GitHub\322ComPart2\TerrainShaderized\TerrainGenerator.cpp(174,32): warning C4244:  '=': conversion from 'double' to 'float', possible loss of data
C:\Users\SAVENCOV\Documents\GitHub\322ComPart2\TerrainShaderized\TerrainGenerator.cpp(175,29): warning C4244:  '=': conversion from 'double' to 'float', possible loss of data
C:\Users\SAVENCOV\Documents\GitHub\322ComPart2\TerrainShaderized\TerrainGenerator.cpp(176,17): warning C4244:  '=': conversion from 'double' to 'float', possible loss of data
C:\Users\SAVENCOV\Documents\GitHub\322ComPart2\TerrainShaderized\TerrainGenerator.cpp(192,29): warning C4244:  '=': conversion from 'double' to 'float', possible loss of data
C:\Users\SAVENCOV\Documents\GitHub\322ComPart2\TerrainShaderized\TerrainGenerator.cpp(193,17): warning C4244:  '=': conversion from 'double' to 'float', possible loss of data
C:\Users\SAVENCOV\Documents\GitHub\322ComPart2\TerrainShaderized\TerrainGenerator.cpp(205,29): warning C4244:  '=': conversion from 'double' to 'float', possible loss of data
C:\Users\SAVENCOV\Documents\GitHub\322ComPart2\TerrainShaderized\TerrainGenerator.cpp(206,17): warning C4244:  '=': conversion from 'double' to 'float', possible loss of data
C:\Users\SAVENCOV\Documents\GitHub\322ComPart2\TerrainShaderized\TerrainGenerator.cpp(217,29): warning C4244:  '=': conversion from 'double' to 'float', possible loss of data
C:\Users\SAVENCOV\Documents\GitHub\322ComPart2\TerrainShaderized\TerrainGenerator.cpp(218,17): warning C4244:  '=': conversion from 'double' to 'float', possible loss of data
C:\Users\SAVENCOV\Documents\GitHub\322ComPart2\TerrainShaderized\TerrainGenerator.cpp(229,29): warning C4244:  '=': conversion from 'double' to 'float', possible loss of data
C:\Users\SAVENCOV\Documents\GitHub\322ComPart2\TerrainShaderized\TerrainGenerator.cpp(230,17): warning C4244:  '=': conversion from 'double' to 'float', possible loss of data
  Generating Code...
C:\Users\SAVENCOV\Documents\GitHub\322ComPart2\TerrainShaderized\TerrainGenerator.cpp(234,23): warning C4244:  '=': conversion from 'double' to 'float', possible loss of data
LINK : fatal error LNK1104: cannot open file 'glew32.lib'
